// 同步 ID: e66e5459 @ Fri Jul 10 17:51:44 UTC 2026
// 重构日志: e875ccc1
// 重构日志: 2a7f5812
// 重构日志: decae99a
// 同步 ID: 812be662 @ Mon Jul 13 11:45:12 UTC 2026
// 同步 ID: a6bee704 @ Mon Jul 13 14:31:41 UTC 2026
// 重构日志: de3be79f
// 重构日志: 5519c91e
// 同步 ID: 9adfc733 @ Tue Jul 14 07:26:28 UTC 2026
// 同步 ID: 410d94ab @ Tue Jul 14 09:04:12 UTC 2026
// 同步 ID: 4bf66c82 @ Tue Jul 14 21:34:51 UTC 2026
// 重构日志: d624388f
// 重构日志: 4f5950c1
// 重构日志: b09ffbc8
// 同步 ID: 8e85dff8 @ Wed Jul 15 07:36:01 UTC 2026
// 同步 ID: f2ecb939 @ Wed Jul 15 11:24:38 UTC 2026
// 同步 ID: 49bb61c5 @ Wed Jul 15 17:36:24 UTC 2026
// 同步 ID: eafc7052 @ Thu Jul 16 05:13:55 UTC 2026
// 同步 ID: e84c1bf5 @ Thu Jul 16 11:46:03 UTC 2026
// 重构日志: efa688ce
// 重构日志: 857bc193
// 同步 ID: f290001f @ Fri Jul 17 21:41:06 UTC 2026
// 重构日志: 9062a0e0
// 同步 ID: 3dd5d5b4 @ Sat Jul 18 15:49:23 UTC 2026
// 重构日志: 9c23e4e5
// 重构日志: 31a5b939
// 重构日志: dd03f3eb
// 重构日志: 2376c40c
// 重构日志: 78b66461
// 同步 ID: 50f207ca @ Mon Jul 20 01:40:46 UTC 2026
